[
  {
    "line": 2,
    "elements": [
      {
        "before": [
          {
            "result": {
              "duration": 3739591600,
              "status": "passed"
            },
            "match": {
              "location": "Hooks.setUp()"
            }
          }
        ],
        "line": 6,
        "name": "User should navigate to login page successfully",
        "description": "",
        "id": "login-test;user-should-navigate-to-login-page-successfully",
        "after": [
          {
            "result": {
              "duration": 746802300,
              "status": "passed"
            },
            "match": {
              "location": "Hooks.tearDown(Scenario)"
            }
          }
        ],
        "type": "scenario",
        "keyword": "Scenario",
        "steps": [
          {
            "result": {
              "duration": 72163200,
              "status": "passed"
            },
            "line": 7,
            "name": "I am on homepage",
            "match": {
              "location": "LoginPageSteps.iAmOnHomepage()"
            },
            "keyword": "Given "
          },
          {
            "result": {
              "duration": 852062400,
              "status": "passed"
            },
            "line": 8,
            "name": "I click on login link",
            "match": {
              "location": "LoginPageSteps.iClickOnLoginLink()"
            },
            "keyword": "When "
          },
          {
            "result": {
              "duration": 116575600,
              "status": "passed"
            },
            "line": 9,
            "name": "I should navigate to login page successfully",
            "match": {
              "location": "LoginPageSteps.iShouldNavigateToLoginPageSuccessfully()"
            },
            "keyword": "Then "
          }
        ],
        "tags": [
          {
            "line": 5,
            "name": "@smoke"
          }
        ]
      },
      {
        "before": [
          {
            "result": {
              "duration": 2230219500,
              "status": "passed"
            },
            "match": {
              "location": "Hooks.setUp()"
            }
          }
        ],
        "line": 21,
        "name": "Verify the error message with invalid credentials",
        "description": "",
        "id": "login-test;verify-the-error-message-with-invalid-credentials;;2",
        "after": [
          {
            "result": {
              "duration": 726826900,
              "status": "passed"
            },
            "match": {
              "location": "Hooks.tearDown(Scenario)"
            }
          }
        ],
        "type": "scenario",
        "keyword": "Scenario Outline",
        "steps": [
          {
            "result": {
              "duration": 35700,
              "status": "passed"
            },
            "line": 13,
            "name": "I am on homepage",
            "match": {
              "location": "LoginPageSteps.iAmOnHomepage()"
            },
            "keyword": "Given "
          },
          {
            "result": {
              "duration": 386232400,
              "status": "passed"
            },
            "line": 14,
            "name": "I click on login link",
            "match": {
              "location": "LoginPageSteps.iClickOnLoginLink()"
            },
            "keyword": "When "
          },
          {
            "result": {
              "duration": 97875100,
              "status": "passed"
            },
            "line": 15,
            "name": "I enter email \"qwerty123@gmail.com\"",
            "match": {
              "arguments": [
                {
                  "val": "qwerty123@gmail.com",
                  "offset": 15
                }
              ],
              "location": "LoginPageSteps.iEnterEmail(String)"
            },
            "matchedColumns": [
              0
            ],
            "keyword": "And "
          },
          {
            "result": {
              "duration": 81562600,
              "status": "passed"
            },
            "line": 16,
            "name": "I enter password \"qazwsx12\"",
            "match": {
              "arguments": [
                {
                  "val": "qazwsx12",
                  "offset": 18
                }
              ],
              "location": "LoginPageSteps.iEnterPassword(String)"
            },
            "matchedColumns": [
              1
            ],
            "keyword": "And "
          },
          {
            "result": {
              "duration": 279587500,
              "status": "passed"
            },
            "line": 17,
            "name": "I click on login button",
            "match": {
              "location": "LoginPageSteps.iClickOnLoginButton()"
            },
            "keyword": "And "
          },
          {
            "result": {
              "duration": 38380000,
              "status": "passed"
            },
            "line": 18,
            "name": "I should besee the error message \"Login was unsuccessful. Please correct the errors and try again.\nNo customer account found\"",
            "match": {
              "arguments": [
                {
                  "val": "Login was unsuccessful. Please correct the errors and try again.\nNo customer account found",
                  "offset": 34
                }
              ],
              "location": "LoginPageSteps.iShouldBeseeTheErrorMessage(String)"
            },
            "matchedColumns": [
              2
            ],
            "keyword": "Then "
          }
        ],
        "tags": [
          {
            "line": 1,
            "name": "@regression"
          },
          {
            "line": 11,
            "name": "@sanity"
          }
        ]
      },
      {
        "before": [
          {
            "result": {
              "duration": 2389908600,
              "status": "passed"
            },
            "match": {
              "location": "Hooks.setUp()"
            }
          }
        ],
        "line": 22,
        "name": "Verify the error message with invalid credentials",
        "description": "",
        "id": "login-test;verify-the-error-message-with-invalid-credentials;;3",
        "after": [
          {
            "result": {
              "duration": 706101400,
              "status": "passed"
            },
            "match": {
              "location": "Hooks.tearDown(Scenario)"
            }
          }
        ],
        "type": "scenario",
        "keyword": "Scenario Outline",
        "steps": [
          {
            "result": {
              "duration": 20300,
              "status": "passed"
            },
            "line": 13,
            "name": "I am on homepage",
            "match": {
              "location": "LoginPageSteps.iAmOnHomepage()"
            },
            "keyword": "Given "
          },
          {
            "result": {
              "duration": 370945100,
              "status": "passed"
            },
            "line": 14,
            "name": "I click on login link",
            "match": {
              "location": "LoginPageSteps.iClickOnLoginLink()"
            },
            "keyword": "When "
          },
          {
            "result": {
              "duration": 99443600,
              "status": "passed"
            },
            "line": 15,
            "name": "I enter email \"xyz890@gmail.com\"",
            "match": {
              "arguments": [
                {
                  "val": "xyz890@gmail.com",
                  "offset": 15
                }
              ],
              "location": "LoginPageSteps.iEnterEmail(String)"
            },
            "matchedColumns": [
              0
            ],
            "keyword": "And "
          },
          {
            "result": {
              "duration": 77246000,
              "status": "passed"
            },
            "line": 16,
            "name": "I enter password \"qazwsx\"",
            "match": {
              "arguments": [
                {
                  "val": "qazwsx",
                  "offset": 18
                }
              ],
              "location": "LoginPageSteps.iEnterPassword(String)"
            },
            "matchedColumns": [
              1
            ],
            "keyword": "And "
          },
          {
            "result": {
              "duration": 282307700,
              "status": "passed"
            },
            "line": 17,
            "name": "I click on login button",
            "match": {
              "location": "LoginPageSteps.iClickOnLoginButton()"
            },
            "keyword": "And "
          },
          {
            "result": {
              "duration": 44962600,
              "status": "passed"
            },
            "line": 18,
            "name": "I should besee the error message \"Login was unsuccessful. Please correct the errors and try again.\nNo customer account found\"",
            "match": {
              "arguments": [
                {
                  "val": "Login was unsuccessful. Please correct the errors and try again.\nNo customer account found",
                  "offset": 34
                }
              ],
              "location": "LoginPageSteps.iShouldBeseeTheErrorMessage(String)"
            },
            "matchedColumns": [
              2
            ],
            "keyword": "Then "
          }
        ],
        "tags": [
          {
            "line": 1,
            "name": "@regression"
          },
          {
            "line": 11,
            "name": "@sanity"
          }
        ]
      },
      {
        "before": [
          {
            "result": {
              "duration": 2437719200,
              "status": "passed"
            },
            "match": {
              "location": "Hooks.setUp()"
            }
          }
        ],
        "line": 23,
        "name": "Verify the error message with invalid credentials",
        "description": "",
        "id": "login-test;verify-the-error-message-with-invalid-credentials;;4",
        "after": [
          {
            "result": {
              "duration": 749619600,
              "status": "passed"
            },
            "match": {
              "location": "Hooks.tearDown(Scenario)"
            }
          }
        ],
        "type": "scenario",
        "keyword": "Scenario Outline",
        "steps": [
          {
            "result": {
              "duration": 26200,
              "status": "passed"
            },
            "line": 13,
            "name": "I am on homepage",
            "match": {
              "location": "LoginPageSteps.iAmOnHomepage()"
            },
            "keyword": "Given "
          },
          {
            "result": {
              "duration": 390543200,
              "status": "passed"
            },
            "line": 14,
            "name": "I click on login link",
            "match": {
              "location": "LoginPageSteps.iClickOnLoginLink()"
            },
            "keyword": "When "
          },
          {
            "result": {
              "duration": 97330800,
              "status": "passed"
            },
            "line": 15,
            "name": "I enter email \"qwerty@gmail.com\"",
            "match": {
              "arguments": [
                {
                  "val": "qwerty@gmail.com",
                  "offset": 15
                }
              ],
              "location": "LoginPageSteps.iEnterEmail(String)"
            },
            "matchedColumns": [
              0
            ],
            "keyword": "And "
          },
          {
            "result": {
              "duration": 76989300,
              "status": "passed"
            },
            "line": 16,
            "name": "I enter password \"qwerty123\"",
            "match": {
              "arguments": [
                {
                  "val": "qwerty123",
                  "offset": 18
                }
              ],
              "location": "LoginPageSteps.iEnterPassword(String)"
            },
            "matchedColumns": [
              1
            ],
            "keyword": "And "
          },
          {
            "result": {
              "duration": 286347200,
              "status": "passed"
            },
            "line": 17,
            "name": "I click on login button",
            "match": {
              "location": "LoginPageSteps.iClickOnLoginButton()"
            },
            "keyword": "And "
          },
          {
            "result": {
              "duration": 39398000,
              "status": "passed"
            },
            "line": 18,
            "name": "I should besee the error message \"Login was unsuccessful. Please correct the errors and try again.\nNo customer account found\"",
            "match": {
              "arguments": [
                {
                  "val": "Login was unsuccessful. Please correct the errors and try again.\nNo customer account found",
                  "offset": 34
                }
              ],
              "location": "LoginPageSteps.iShouldBeseeTheErrorMessage(String)"
            },
            "matchedColumns": [
              2
            ],
            "keyword": "Then "
          }
        ],
        "tags": [
          {
            "line": 1,
            "name": "@regression"
          },
          {
            "line": 11,
            "name": "@sanity"
          }
        ]
      },
      {
        "before": [
          {
            "result": {
              "duration": 2288281100,
              "status": "passed"
            },
            "match": {
              "location": "Hooks.setUp()"
            }
          }
        ],
        "line": 26,
        "name": "User should login successfully with valid credentials",
        "description": "",
        "id": "login-test;user-should-login-successfully-with-valid-credentials",
        "after": [
          {
            "result": {
              "duration": 23154400,
              "error_message": "org.openqa.selenium.NoSuchWindowException: no such window: target window already closed\nfrom unknown error: web view not found\n  (Session info: chrome\u003d108.0.5359.125)\nBuild info: version: \u00274.6.0\u0027, revision: \u002779f1c02ae20\u0027\nSystem info: os.name: \u0027Windows 10\u0027, os.arch: \u0027amd64\u0027, os.version: \u002710.0\u0027, java.version: \u00271.8.0_121\u0027\nDriver info: org.openqa.selenium.chrome.ChromeDriver\nCommand: [82bfcecb4a37dbfd2b3f84de9ac0003c, screenshot {}]\nCapabilities {acceptInsecureCerts: false, browserName: chrome, browserVersion: 108.0.5359.125, chrome: {chromedriverVersion: 108.0.5359.71 (1e0e3868ee06..., userDataDir: C:\\Users\\vimal\\AppData\\Loca...}, goog:chromeOptions: {debuggerAddress: localhost:61279}, networkConnectionEnabled: false, pageLoadStrategy: normal, platformName: WINDOWS, proxy: Proxy(), se:cdp: ws://localhost:61279/devtoo..., se:cdpVersion: 108.0.5359.125, setWindowRect: true, strictFileInteractability: false, timeouts: {implicit: 0, pageLoad: 300000, script: 30000}, unhandledPromptBehavior: dismiss and notify, webauthn:extension:credBlob: true, webauthn:extension:largeBlob: true, webauthn:virtualAuthenticators: true}\nSession ID: 82bfcecb4a37dbfd2b3f84de9ac0003c\r\n\tat sun.reflect.NativeConstructorAccessorImpl.newInstance0(Native Method)\r\n\tat sun.reflect.NativeConstructorAccessorImpl.newInstance(NativeConstructorAccessorImpl.java:62)\r\n\tat sun.reflect.DelegatingConstructorAccessorImpl.newInstance(DelegatingConstructorAccessorImpl.java:45)\r\n\tat java.lang.reflect.Constructor.newInstance(Constructor.java:423)\r\n\tat org.openqa.selenium.remote.codec.w3c.W3CHttpResponseCodec.createException(W3CHttpResponseCodec.java:200)\r\n\tat org.openqa.selenium.remote.codec.w3c.W3CHttpResponseCodec.decode(W3CHttpResponseCodec.java:133)\r\n\tat org.openqa.selenium.remote.codec.w3c.W3CHttpResponseCodec.decode(W3CHttpResponseCodec.java:53)\r\n\tat org.openqa.selenium.remote.HttpCommandExecutor.execute(HttpCommandExecutor.java:184)\r\n\tat org.openqa.selenium.remote.service.DriverCommandExecutor.invokeExecute(DriverCommandExecutor.java:167)\r\n\tat org.openqa.selenium.remote.service.DriverCommandExecutor.execute(DriverCommandExecutor.java:142)\r\n\tat org.openqa.selenium.remote.RemoteWebDriver.execute(RemoteWebDriver.java:541)\r\n\tat org.openqa.selenium.remote.RemoteWebDriver.execute(RemoteWebDriver.java:596)\r\n\tat org.openqa.selenium.remote.RemoteWebDriver.execute(RemoteWebDriver.java:600)\r\n\tat org.openqa.selenium.remote.RemoteWebDriver.getScreenshotAs(RemoteWebDriver.java:331)\r\n\tat com.nopcommerce.demo.utility.Utility.getScreenshot(Utility.java:335)\r\n\tat com.nopcommerce.demo.cucumber.Hooks.tearDown(Hooks.java:22)\r\n\tat sun.reflect.NativeMethodAccessorImpl.invoke0(Native Method)\r\n\tat sun.reflect.NativeMethodAccessorImpl.invoke(NativeMethodAccessorImpl.java:62)\r\n\tat sun.reflect.DelegatingMethodAccessorImpl.invoke(DelegatingMethodAccessorImpl.java:43)\r\n\tat java.lang.reflect.Method.invoke(Method.java:498)\r\n\tat cucumber.runtime.Utils$1.call(Utils.java:40)\r\n\tat cucumber.runtime.Timeout.timeout(Timeout.java:16)\r\n\tat cucumber.runtime.Utils.invoke(Utils.java:34)\r\n\tat cucumber.runtime.java.JavaHookDefinition.execute(JavaHookDefinition.java:60)\r\n\tat cucumber.runtime.Runtime.runHookIfTagsMatch(Runtime.java:224)\r\n\tat cucumber.runtime.Runtime.runHooks(Runtime.java:212)\r\n\tat cucumber.runtime.Runtime.runAfterHooks(Runtime.java:206)\r\n\tat cucumber.runtime.model.CucumberScenario.run(CucumberScenario.java:46)\r\n\tat cucumber.runtime.junit.ExecutionUnitRunner.run(ExecutionUnitRunner.java:102)\r\n\tat cucumber.runtime.junit.FeatureRunner.runChild(FeatureRunner.java:63)\r\n\tat cucumber.runtime.junit.FeatureRunner.runChild(FeatureRunner.java:18)\r\n\tat org.junit.runners.ParentRunner$3.run(ParentRunner.java:238)\r\n\tat org.junit.runners.ParentRunner$1.schedule(ParentRunner.java:63)\r\n\tat org.junit.runners.ParentRunner.runChildren(ParentRunner.java:236)\r\n\tat org.junit.runners.ParentRunner.access$000(ParentRunner.java:53)\r\n\tat org.junit.runners.ParentRunner$2.evaluate(ParentRunner.java:229)\r\n\tat org.junit.runners.ParentRunner.run(ParentRunner.java:309)\r\n\tat cucumber.runtime.junit.FeatureRunner.run(FeatureRunner.java:70)\r\n\tat cucumber.api.junit.Cucumber.runChild(Cucumber.java:95)\r\n\tat cucumber.api.junit.Cucumber.runChild(Cucumber.java:38)\r\n\tat org.junit.runners.ParentRunner$3.run(ParentRunner.java:238)\r\n\tat org.junit.runners.ParentRunner$1.schedule(ParentRunner.java:63)\r\n\tat org.junit.runners.ParentRunner.runChildren(ParentRunner.java:236)\r\n\tat org.junit.runners.ParentRunner.access$000(ParentRunner.java:53)\r\n\tat org.junit.runners.ParentRunner$2.evaluate(ParentRunner.java:229)\r\n\tat org.junit.internal.runners.statements.RunAfters.evaluate(RunAfters.java:27)\r\n\tat org.junit.runners.ParentRunner.run(ParentRunner.java:309)\r\n\tat cucumber.api.junit.Cucumber.run(Cucumber.java:100)\r\n\tat org.junit.runner.JUnitCore.run(JUnitCore.java:160)\r\n\tat com.intellij.junit4.JUnit4IdeaTestRunner.startRunnerWithArgs(JUnit4IdeaTestRunner.java:69)\r\n\tat com.intellij.rt.junit.IdeaTestRunner$Repeater$1.execute(IdeaTestRunner.java:38)\r\n\tat com.intellij.rt.execution.junit.TestsRepeater.repeat(TestsRepeater.java:11)\r\n\tat com.intellij.rt.junit.IdeaTestRunner$Repeater.startRunnerWithArgs(IdeaTestRunner.java:35)\r\n\tat com.intellij.rt.junit.JUnitStarter.prepareStreamsAndStart(JUnitStarter.java:235)\r\n\tat com.intellij.rt.junit.JUnitStarter.main(JUnitStarter.java:54)\r\n",
              "status": "failed"
            },
            "match": {
              "location": "Hooks.tearDown(Scenario)"
            }
          }
        ],
        "type": "scenario",
        "keyword": "Scenario",
        "steps": [
          {
            "result": {
              "duration": 23600,
              "status": "passed"
            },
            "line": 27,
            "name": "I am on homepage",
            "match": {
              "location": "LoginPageSteps.iAmOnHomepage()"
            },
            "keyword": "Given "
          },
          {
            "result": {
              "duration": 389894600,
              "status": "passed"
            },
            "line": 28,
            "name": "I click on login link",
            "match": {
              "location": "LoginPageSteps.iClickOnLoginLink()"
            },
            "keyword": "When "
          },
          {
            "result": {
              "duration": 92457700,
              "status": "passed"
            },
            "line": 29,
            "name": "I enter email \"primeeight@gmail.com\"",
            "match": {
              "arguments": [
                {
                  "val": "primeeight@gmail.com",
                  "offset": 15
                }
              ],
              "location": "LoginPageSteps.iEnterEmail(String)"
            },
            "keyword": "And "
          },
          {
            "result": {
              "duration": 69260600,
              "status": "passed"
            },
            "line": 30,
            "name": "I enter password \"abc123\"",
            "match": {
              "arguments": [
                {
                  "val": "abc123",
                  "offset": 18
                }
              ],
              "location": "LoginPageSteps.iEnterPassword(String)"
            },
            "keyword": "And "
          },
          {
            "result": {
              "duration": 311398700,
              "status": "passed"
            },
            "line": 31,
            "name": "I click on login button",
            "match": {
              "location": "LoginPageSteps.iClickOnLoginButton()"
            },
            "keyword": "And "
          },
          {
            "result": {
              "duration": 6942960600,
              "error_message": "org.openqa.selenium.NoSuchElementException: Unable to find element with locator By.xpath: //a[normalize-space()\u003d\u0027Log out\u0027]\nFor documentation on this error, please visit: https://selenium.dev/exceptions/#no_such_element\nBuild info: version: \u00274.6.0\u0027, revision: \u002779f1c02ae20\u0027\nSystem info: os.name: \u0027Windows 10\u0027, os.arch: \u0027amd64\u0027, os.version: \u002710.0\u0027, java.version: \u00271.8.0_121\u0027\nDriver info: driver.version: RemoteWebDriver\r\n\tat org.openqa.selenium.remote.ElementLocation$ElementFinder$2.findElement(ElementLocation.java:165)\r\n\tat org.openqa.selenium.remote.ElementLocation.findElement(ElementLocation.java:60)\r\n\tat org.openqa.selenium.remote.RemoteWebDriver.findElement(RemoteWebDriver.java:365)\r\n\tat org.openqa.selenium.remote.RemoteWebDriver.findElement(RemoteWebDriver.java:357)\r\n\tat org.openqa.selenium.support.pagefactory.DefaultElementLocator.findElement(DefaultElementLocator.java:70)\r\n\tat org.openqa.selenium.support.pagefactory.internal.LocatingElementHandler.invoke(LocatingElementHandler.java:39)\r\n\tat com.sun.proxy.$Proxy23.isDisplayed(Unknown Source)\r\n\tat com.nopcommerce.demo.pages.HomePage.isLogOutLinkDisplay(HomePage.java:81)\r\n\tat com.nopcommerce.demo.cucumber.steps.LoginPageSteps.iShouldSeeLogoutLinkIsDisplay(LoginPageSteps.java:49)\r\n\tat âœ½.Then I should see logout link is display(src/test/java/resources/featurefile/login.feature:32)\r\n",
              "status": "failed"
            },
            "line": 32,
            "name": "I should see logout link is display",
            "match": {
              "location": "LoginPageSteps.iShouldSeeLogoutLinkIsDisplay()"
            },
            "keyword": "Then "
          }
        ]
      },
      {
        "before": [
          {
            "result": {
              "duration": 2542599900,
              "status": "passed"
            },
            "match": {
              "location": "Hooks.setUp()"
            }
          }
        ],
        "line": 34,
        "name": "User should Out Successfully",
        "description": "",
        "id": "login-test;user-should-out-successfully",
        "after": [
          {
            "result": {
              "duration": 734242800,
              "status": "passed"
            },
            "match": {
              "location": "Hooks.tearDown(Scenario)"
            }
          }
        ],
        "type": "scenario",
        "keyword": "Scenario",
        "steps": [
          {
            "result": {
              "duration": 25300,
              "status": "passed"
            },
            "line": 35,
            "name": "I am on homepage",
            "match": {
              "location": "LoginPageSteps.iAmOnHomepage()"
            },
            "keyword": "Given "
          },
          {
            "result": {
              "duration": 801657400,
              "status": "passed"
            },
            "line": 36,
            "name": "I click on login link",
            "match": {
              "location": "LoginPageSteps.iClickOnLoginLink()"
            },
            "keyword": "When "
          },
          {
            "result": {
              "duration": 82107400,
              "status": "passed"
            },
            "line": 37,
            "name": "I enter email \"primeeight@gmail.com\"",
            "match": {
              "arguments": [
                {
                  "val": "primeeight@gmail.com",
                  "offset": 15
                }
              ],
              "location": "LoginPageSteps.iEnterEmail(String)"
            },
            "keyword": "And "
          },
          {
            "result": {
              "duration": 71491200,
              "status": "passed"
            },
            "line": 38,
            "name": "I enter password \"abc123\"",
            "match": {
              "arguments": [
                {
                  "val": "abc123",
                  "offset": 18
                }
              ],
              "location": "LoginPageSteps.iEnterPassword(String)"
            },
            "keyword": "And "
          },
          {
            "result": {
              "duration": 723555400,
              "status": "passed"
            },
            "line": 39,
            "name": "I click on login button",
            "match": {
              "location": "LoginPageSteps.iClickOnLoginButton()"
            },
            "keyword": "And "
          },
          {
            "result": {
              "duration": 50991800,
              "status": "passed"
            },
            "line": 40,
            "name": "I should see logIn link is display",
            "match": {
              "location": "LoginPageSteps.iShouldSeeLogInLinkIsDisplay()"
            },
            "keyword": "Then "
          }
        ]
      }
    ],
    "name": "Login Test",
    "description": "As user I want to login into nop commerce website",
    "id": "login-test",
    "keyword": "Feature",
    "uri": "src/test/java/resources/featurefile/login.feature",
    "tags": [
      {
        "line": 1,
        "name": "@regression"
      }
    ]
  }
]